{"/home/roseno/Documentos/Driven/Projetos/SingMeAsong/src/database/database.js": {"path":"/home/roseno/Documentos/Driven/Projetos/SingMeAsong/src/database/database.js","statementMap":{"0":{"start":{"line":3,"column":17},"end":{"line":3,"column":19}},"1":{"start":{"line":5,"column":22},"end":{"line":11,"column":1}},"2":{"start":{"line":13,"column":0},"end":{"line":20,"column":1}},"3":{"start":{"line":14,"column":2},"end":{"line":19,"column":4}},"4":{"start":{"line":22,"column":19},"end":{"line":22,"column":43}}},"fnMap":{},"branchMap":{"0":{"loc":{"start":{"line":13,"column":0},"end":{"line":20,"column":1}},"type":"if","locations":[{"start":{"line":13,"column":0},"end":{"line":20,"column":1}},{"start":{},"end":{}}],"line":13}},"s":{"0":1,"1":1,"2":1,"3":0,"4":1},"f":{},"b":{"0":[0,1]},"_coverageSchema":"1a1c01bbd47fc00a2c39e90264f33305004495a9","hash":"7ec63cd2a1daa2ad3e99a02042e7a2f0f5bbbdf7"}
,"/home/roseno/Documentos/Driven/Projetos/SingMeAsong/src/repositories/songRepository.js": {"path":"/home/roseno/Documentos/Driven/Projetos/SingMeAsong/src/repositories/songRepository.js","statementMap":{"0":{"start":{"line":7,"column":2},"end":{"line":7,"column":104}},"1":{"start":{"line":11,"column":17},"end":{"line":11,"column":110}},"2":{"start":{"line":12,"column":2},"end":{"line":12,"column":25}},"3":{"start":{"line":16,"column":17},"end":{"line":16,"column":86}},"4":{"start":{"line":17,"column":2},"end":{"line":17,"column":24}},"5":{"start":{"line":21,"column":17},"end":{"line":21,"column":110}},"6":{"start":{"line":22,"column":2},"end":{"line":22,"column":25}},"7":{"start":{"line":26,"column":17},"end":{"line":26,"column":93}},"8":{"start":{"line":28,"column":2},"end":{"line":28,"column":25}},"9":{"start":{"line":32,"column":17},"end":{"line":32,"column":62}},"10":{"start":{"line":34,"column":2},"end":{"line":34,"column":25}},"11":{"start":{"line":38,"column":17},"end":{"line":38,"column":79}},"12":{"start":{"line":40,"column":2},"end":{"line":40,"column":25}},"13":{"start":{"line":44,"column":17},"end":{"line":44,"column":96}},"14":{"start":{"line":46,"column":2},"end":{"line":46,"column":25}},"15":{"start":{"line":50,"column":17},"end":{"line":50,"column":150}},"16":{"start":{"line":52,"column":2},"end":{"line":52,"column":21}},"17":{"start":{"line":56,"column":17},"end":{"line":56,"column":167}},"18":{"start":{"line":58,"column":2},"end":{"line":58,"column":21}},"19":{"start":{"line":62,"column":17},"end":{"line":62,"column":133}},"20":{"start":{"line":64,"column":2},"end":{"line":64,"column":21}},"21":{"start":{"line":68,"column":17},"end":{"line":68,"column":146}},"22":{"start":{"line":70,"column":2},"end":{"line":70,"column":21}}},"fnMap":{"0":{"name":"insertRecommendation","decl":{"start":{"line":6,"column":22},"end":{"line":6,"column":42}},"loc":{"start":{"line":6,"column":62},"end":{"line":8,"column":1}},"line":6},"1":{"name":"upVoteRecommendationSongById","decl":{"start":{"line":10,"column":22},"end":{"line":10,"column":50}},"loc":{"start":{"line":10,"column":55},"end":{"line":13,"column":1}},"line":10},"2":{"name":"getScoreById","decl":{"start":{"line":15,"column":22},"end":{"line":15,"column":34}},"loc":{"start":{"line":15,"column":39},"end":{"line":18,"column":1}},"line":15},"3":{"name":"downVoteRecommendationSongById","decl":{"start":{"line":20,"column":22},"end":{"line":20,"column":52}},"loc":{"start":{"line":20,"column":57},"end":{"line":23,"column":1}},"line":20},"4":{"name":"deleteRecommendationSongByID","decl":{"start":{"line":25,"column":22},"end":{"line":25,"column":50}},"loc":{"start":{"line":25,"column":55},"end":{"line":29,"column":1}},"line":25},"5":{"name":"getRecommendationsAmount","decl":{"start":{"line":31,"column":22},"end":{"line":31,"column":46}},"loc":{"start":{"line":31,"column":49},"end":{"line":35,"column":1}},"line":31},"6":{"name":"getAboveRecommendation","decl":{"start":{"line":37,"column":22},"end":{"line":37,"column":44}},"loc":{"start":{"line":37,"column":47},"end":{"line":41,"column":1}},"line":37},"7":{"name":"getBetweenRecommendation","decl":{"start":{"line":43,"column":22},"end":{"line":43,"column":46}},"loc":{"start":{"line":43,"column":49},"end":{"line":47,"column":1}},"line":43},"8":{"name":"getRecommendationsRandomlyAbove","decl":{"start":{"line":49,"column":22},"end":{"line":49,"column":53}},"loc":{"start":{"line":49,"column":56},"end":{"line":53,"column":1}},"line":49},"9":{"name":"getRecommendationRandomlyBetween","decl":{"start":{"line":55,"column":22},"end":{"line":55,"column":54}},"loc":{"start":{"line":55,"column":57},"end":{"line":59,"column":1}},"line":55},"10":{"name":"getRecommendationRandomly","decl":{"start":{"line":61,"column":22},"end":{"line":61,"column":47}},"loc":{"start":{"line":61,"column":50},"end":{"line":65,"column":1}},"line":61},"11":{"name":"getRecommendationTop","decl":{"start":{"line":67,"column":22},"end":{"line":67,"column":42}},"loc":{"start":{"line":67,"column":51},"end":{"line":71,"column":1}},"line":67}},"branchMap":{},"s":{"0":0,"1":0,"2":0,"3":4,"4":4,"5":0,"6":0,"7":0,"8":0,"9":0,"10":0,"11":0,"12":0,"13":0,"14":0,"15":0,"16":0,"17":0,"18":0,"19":0,"20":0,"21":0,"22":0},"f":{"0":0,"1":0,"2":4,"3":0,"4":0,"5":0,"6":0,"7":0,"8":0,"9":0,"10":0,"11":0},"b":{},"_coverageSchema":"1a1c01bbd47fc00a2c39e90264f33305004495a9","hash":"4d509d2c878e60e33fd57b6532957be9836b151f"}
,"/home/roseno/Documentos/Driven/Projetos/SingMeAsong/src/services/songService.js": {"path":"/home/roseno/Documentos/Driven/Projetos/SingMeAsong/src/services/songService.js","statementMap":{"0":{"start":{"line":7,"column":2},"end":{"line":7,"column":63}},"1":{"start":{"line":11,"column":17},"end":{"line":11,"column":70}},"2":{"start":{"line":13,"column":2},"end":{"line":13,"column":25}},"3":{"start":{"line":17,"column":16},"end":{"line":17,"column":53}},"4":{"start":{"line":18,"column":2},"end":{"line":20,"column":3}},"5":{"start":{"line":19,"column":4},"end":{"line":19,"column":16}},"6":{"start":{"line":22,"column":17},"end":{"line":22,"column":72}},"7":{"start":{"line":24,"column":2},"end":{"line":28,"column":3}},"8":{"start":{"line":25,"column":4},"end":{"line":25,"column":58}},"9":{"start":{"line":27,"column":4},"end":{"line":27,"column":16}},"10":{"start":{"line":30,"column":2},"end":{"line":30,"column":25}},"11":{"start":{"line":34,"column":17},"end":{"line":34,"column":64}},"12":{"start":{"line":36,"column":2},"end":{"line":36,"column":16}},"13":{"start":{"line":40,"column":16},"end":{"line":40,"column":61}},"14":{"start":{"line":41,"column":18},"end":{"line":41,"column":65}},"15":{"start":{"line":44,"column":2},"end":{"line":52,"column":3}},"16":{"start":{"line":45,"column":4},"end":{"line":45,"column":62}},"17":{"start":{"line":46,"column":9},"end":{"line":52,"column":3}},"18":{"start":{"line":47,"column":4},"end":{"line":47,"column":16}},"19":{"start":{"line":48,"column":9},"end":{"line":52,"column":3}},"20":{"start":{"line":49,"column":4},"end":{"line":49,"column":68}},"21":{"start":{"line":51,"column":4},"end":{"line":51,"column":69}},"22":{"start":{"line":54,"column":2},"end":{"line":54,"column":16}},"23":{"start":{"line":58,"column":17},"end":{"line":58,"column":66}},"24":{"start":{"line":60,"column":2},"end":{"line":60,"column":16}}},"fnMap":{"0":{"name":"insertRecommendation","decl":{"start":{"line":6,"column":22},"end":{"line":6,"column":42}},"loc":{"start":{"line":6,"column":62},"end":{"line":8,"column":1}},"line":6},"1":{"name":"upVoteRecommendationSongById","decl":{"start":{"line":10,"column":22},"end":{"line":10,"column":50}},"loc":{"start":{"line":10,"column":55},"end":{"line":14,"column":1}},"line":10},"2":{"name":"downVoteRecommendationSongById","decl":{"start":{"line":16,"column":22},"end":{"line":16,"column":52}},"loc":{"start":{"line":16,"column":57},"end":{"line":31,"column":1}},"line":16},"3":{"name":"getRecommendationsAmount","decl":{"start":{"line":33,"column":22},"end":{"line":33,"column":46}},"loc":{"start":{"line":33,"column":49},"end":{"line":37,"column":1}},"line":33},"4":{"name":"getRecommendationRandomly","decl":{"start":{"line":39,"column":22},"end":{"line":39,"column":47}},"loc":{"start":{"line":39,"column":50},"end":{"line":55,"column":1}},"line":39},"5":{"name":"recommendationTop","decl":{"start":{"line":57,"column":22},"end":{"line":57,"column":39}},"loc":{"start":{"line":57,"column":48},"end":{"line":61,"column":1}},"line":57}},"branchMap":{"0":{"loc":{"start":{"line":18,"column":2},"end":{"line":20,"column":3}},"type":"if","locations":[{"start":{"line":18,"column":2},"end":{"line":20,"column":3}},{"start":{},"end":{}}],"line":18},"1":{"loc":{"start":{"line":24,"column":2},"end":{"line":28,"column":3}},"type":"if","locations":[{"start":{"line":24,"column":2},"end":{"line":28,"column":3}},{"start":{},"end":{}}],"line":24},"2":{"loc":{"start":{"line":44,"column":2},"end":{"line":52,"column":3}},"type":"if","locations":[{"start":{"line":44,"column":2},"end":{"line":52,"column":3}},{"start":{"line":46,"column":9},"end":{"line":52,"column":3}}],"line":44},"3":{"loc":{"start":{"line":44,"column":6},"end":{"line":44,"column":48}},"type":"binary-expr","locations":[{"start":{"line":44,"column":7},"end":{"line":44,"column":12}},{"start":{"line":44,"column":16},"end":{"line":44,"column":24}},{"start":{"line":44,"column":30},"end":{"line":44,"column":36}},{"start":{"line":44,"column":40},"end":{"line":44,"column":47}}],"line":44},"4":{"loc":{"start":{"line":46,"column":9},"end":{"line":52,"column":3}},"type":"if","locations":[{"start":{"line":46,"column":9},"end":{"line":52,"column":3}},{"start":{"line":48,"column":9},"end":{"line":52,"column":3}}],"line":46},"5":{"loc":{"start":{"line":46,"column":13},"end":{"line":46,"column":31}},"type":"binary-expr","locations":[{"start":{"line":46,"column":13},"end":{"line":46,"column":19}},{"start":{"line":46,"column":23},"end":{"line":46,"column":31}}],"line":46},"6":{"loc":{"start":{"line":48,"column":9},"end":{"line":52,"column":3}},"type":"if","locations":[{"start":{"line":48,"column":9},"end":{"line":52,"column":3}},{"start":{"line":50,"column":9},"end":{"line":52,"column":3}}],"line":48}},"s":{"0":1,"1":2,"2":2,"3":5,"4":5,"5":1,"6":4,"7":4,"8":0,"9":0,"10":4,"11":1,"12":1,"13":6,"14":6,"15":6,"16":2,"17":4,"18":1,"19":3,"20":3,"21":0,"22":5,"23":1,"24":1},"f":{"0":1,"1":2,"2":5,"3":1,"4":6,"5":1},"b":{"0":[1,4],"1":[0,4],"2":[2,4],"3":[6,4,5,2],"4":[1,3],"5":[4,1],"6":[3,0]},"_coverageSchema":"1a1c01bbd47fc00a2c39e90264f33305004495a9","hash":"8c766314a576d2803c2beb8cc566c90f1336fb1e"}
,"/home/roseno/Documentos/Driven/Projetos/SingMeAsong/src/setup/setup.js": {"path":"/home/roseno/Documentos/Driven/Projetos/SingMeAsong/src/setup/setup.js","statementMap":{"0":{"start":{"line":3,"column":11},"end":{"line":3,"column":22}},"1":{"start":{"line":5,"column":0},"end":{"line":7,"column":1}},"2":{"start":{"line":6,"column":2},"end":{"line":6,"column":21}},"3":{"start":{"line":9,"column":0},"end":{"line":11,"column":1}},"4":{"start":{"line":10,"column":2},"end":{"line":10,"column":20}},"5":{"start":{"line":13,"column":0},"end":{"line":15,"column":3}}},"fnMap":{},"branchMap":{"0":{"loc":{"start":{"line":5,"column":0},"end":{"line":7,"column":1}},"type":"if","locations":[{"start":{"line":5,"column":0},"end":{"line":7,"column":1}},{"start":{},"end":{}}],"line":5},"1":{"loc":{"start":{"line":9,"column":0},"end":{"line":11,"column":1}},"type":"if","locations":[{"start":{"line":9,"column":0},"end":{"line":11,"column":1}},{"start":{},"end":{}}],"line":9}},"s":{"0":1,"1":1,"2":0,"3":1,"4":0,"5":1},"f":{},"b":{"0":[0,1],"1":[0,1]},"_coverageSchema":"1a1c01bbd47fc00a2c39e90264f33305004495a9","hash":"2f95cedfc83c7849393d95be15e260642b7b8ddd"}
}
