TN:
SF:src/database/database.js
FNF:0
FNH:0
DA:3,1
DA:5,1
DA:13,1
DA:14,0
DA:22,1
LF:5
LH:4
BRDA:13,0,0,0
BRDA:13,0,1,1
BRF:2
BRH:1
end_of_record
TN:
SF:src/repositories/songRepository.js
FN:6,insertRecommendation
FN:10,upVoteRecommendationSongById
FN:15,getScoreById
FN:20,downVoteRecommendationSongById
FN:25,deleteRecommendationSongByID
FN:31,getRecommendationsAmount
FN:37,getAboveRecommendation
FN:43,getBetweenRecommendation
FN:49,getRecommendationsRandomlyAbove
FN:55,getRecommendationRandomlyBetween
FN:61,getRecommendationRandomly
FN:67,getRecommendationTop
FNF:12
FNH:1
FNDA:0,insertRecommendation
FNDA:0,upVoteRecommendationSongById
FNDA:4,getScoreById
FNDA:0,downVoteRecommendationSongById
FNDA:0,deleteRecommendationSongByID
FNDA:0,getRecommendationsAmount
FNDA:0,getAboveRecommendation
FNDA:0,getBetweenRecommendation
FNDA:0,getRecommendationsRandomlyAbove
FNDA:0,getRecommendationRandomlyBetween
FNDA:0,getRecommendationRandomly
FNDA:0,getRecommendationTop
DA:7,0
DA:11,0
DA:12,0
DA:16,4
DA:17,4
DA:21,0
DA:22,0
DA:26,0
DA:28,0
DA:32,0
DA:34,0
DA:38,0
DA:40,0
DA:44,0
DA:46,0
DA:50,0
DA:52,0
DA:56,0
DA:58,0
DA:62,0
DA:64,0
DA:68,0
DA:70,0
LF:23
LH:2
BRF:0
BRH:0
end_of_record
TN:
SF:src/services/songService.js
FN:6,insertRecommendation
FN:10,upVoteRecommendationSongById
FN:16,downVoteRecommendationSongById
FN:33,getRecommendationsAmount
FN:39,getRecommendationRandomly
FN:57,recommendationTop
FNF:6
FNH:6
FNDA:1,insertRecommendation
FNDA:2,upVoteRecommendationSongById
FNDA:5,downVoteRecommendationSongById
FNDA:1,getRecommendationsAmount
FNDA:6,getRecommendationRandomly
FNDA:1,recommendationTop
DA:7,1
DA:11,2
DA:13,2
DA:17,5
DA:18,5
DA:19,1
DA:22,4
DA:24,4
DA:25,0
DA:27,0
DA:30,4
DA:34,1
DA:36,1
DA:40,6
DA:41,6
DA:44,6
DA:45,2
DA:46,4
DA:47,1
DA:48,3
DA:49,3
DA:51,0
DA:54,5
DA:58,1
DA:60,1
LF:25
LH:22
BRDA:18,0,0,1
BRDA:18,0,1,4
BRDA:24,1,0,0
BRDA:24,1,1,4
BRDA:44,2,0,2
BRDA:44,2,1,4
BRDA:44,3,0,6
BRDA:44,3,1,4
BRDA:44,3,2,5
BRDA:44,3,3,2
BRDA:46,4,0,1
BRDA:46,4,1,3
BRDA:46,5,0,4
BRDA:46,5,1,1
BRDA:48,6,0,3
BRDA:48,6,1,0
BRF:16
BRH:14
end_of_record
TN:
SF:src/setup/setup.js
FNF:0
FNH:0
DA:3,1
DA:5,1
DA:6,0
DA:9,1
DA:10,0
DA:13,1
LF:6
LH:4
BRDA:5,0,0,0
BRDA:5,0,1,1
BRDA:9,1,0,0
BRDA:9,1,1,1
BRF:4
BRH:2
end_of_record
