TN:
SF:src/database/database.js
FNF:0
FNH:0
DA:3,1
DA:5,1
DA:13,1
DA:14,0
DA:22,1
LF:5
LH:4
BRDA:13,0,0,0
BRDA:13,0,1,1
BRF:2
BRH:1
end_of_record
TN:
SF:src/repositories/songRepository.js
FN:6,insertRecommendation
FN:10,upVoteRecommendationSongById
FN:15,getScoreById
FN:20,downVoteRecommendationSongById
FN:25,deleteRecommendationSongByID
FN:31,getRecommendationsAmount
FN:37,getAboveRecommendation
FN:43,getBetweenRecommendation
FN:49,getRecommendationsRandomlyAbove
FN:55,getRecommendationRandomlyBetween
FN:61,getRecommendationRandomly
FN:67,getRecommendationTop
FNF:12
FNH:1
FNDA:0,insertRecommendation
FNDA:0,upVoteRecommendationSongById
FNDA:3,getScoreById
FNDA:0,downVoteRecommendationSongById
FNDA:0,deleteRecommendationSongByID
FNDA:0,getRecommendationsAmount
FNDA:0,getAboveRecommendation
FNDA:0,getBetweenRecommendation
FNDA:0,getRecommendationsRandomlyAbove
FNDA:0,getRecommendationRandomlyBetween
FNDA:0,getRecommendationRandomly
FNDA:0,getRecommendationTop
DA:7,0
DA:11,0
DA:12,0
DA:16,3
DA:17,3
DA:21,0
DA:22,0
DA:26,0
DA:28,0
DA:32,0
DA:34,0
DA:38,0
DA:40,0
DA:44,0
DA:46,0
DA:50,0
DA:52,0
DA:56,0
DA:58,0
DA:62,0
DA:64,0
DA:68,0
DA:70,0
LF:23
LH:2
BRF:0
BRH:0
end_of_record
TN:
SF:src/services/songService.js
FN:5,insertRecommendation
FN:9,upVoteRecommendationSongById
FN:15,downVoteRecommendationSongById
FN:32,getRecommendationsAmount
FN:38,getRecommendationRandomly
FN:56,recommendationTop
FNF:6
FNH:5
FNDA:1,insertRecommendation
FNDA:2,upVoteRecommendationSongById
FNDA:4,downVoteRecommendationSongById
FNDA:0,getRecommendationsAmount
FNDA:6,getRecommendationRandomly
FNDA:1,recommendationTop
DA:6,1
DA:10,2
DA:12,2
DA:16,4
DA:17,4
DA:18,1
DA:21,3
DA:23,3
DA:24,0
DA:26,0
DA:29,3
DA:33,0
DA:35,0
DA:39,6
DA:40,6
DA:43,6
DA:44,2
DA:45,4
DA:46,1
DA:47,3
DA:48,3
DA:50,0
DA:53,5
DA:57,1
DA:59,1
LF:25
LH:20
BRDA:17,0,0,1
BRDA:17,0,1,3
BRDA:23,1,0,0
BRDA:23,1,1,3
BRDA:43,2,0,2
BRDA:43,2,1,4
BRDA:43,3,0,6
BRDA:43,3,1,4
BRDA:43,3,2,5
BRDA:43,3,3,2
BRDA:45,4,0,1
BRDA:45,4,1,3
BRDA:45,5,0,4
BRDA:45,5,1,1
BRDA:47,6,0,3
BRDA:47,6,1,0
BRF:16
BRH:14
end_of_record
TN:
SF:src/setup/setup.js
FNF:0
FNH:0
DA:3,1
DA:5,1
DA:6,0
DA:9,1
DA:10,0
DA:13,1
LF:6
LH:4
BRDA:5,0,0,0
BRDA:5,0,1,1
BRDA:9,1,0,0
BRDA:9,1,1,1
BRF:4
BRH:2
end_of_record
